<?xml version="1.0" encoding="UTF-8"?>
<testExecutions version="1">
  <file path="C:\Users\logan\Desktop\Workspace\boilerplate\src\Pages\Login\Login.test.js">
  </file>
  <file path="C:\Users\logan\Desktop\Workspace\boilerplate\src\Pages\Home\Home.test.js">
    <testCase name="renders without crashing" duration="15"/>
  </file>
  <file path="C:\Users\logan\Desktop\Workspace\boilerplate\src\Pages\About\About.test.js">
    <testCase name="renders without crashing" duration="15"/>
  </file>
  <file path="C:\Users\logan\Desktop\Workspace\boilerplate\src\Pages\Dashboard\Dashboard.test.js">
    <testCase name="renders without crashing" duration="2"/>
  </file>
  <file path="C:\Users\logan\Desktop\Workspace\boilerplate\src\App.test.js">
  </file>
</testExecutions>